Default Edge Length: 1144151
CCtsp_solve_dat ...
Set initial upperbound to 44311 (from tour)
WARNING: Adding an empty cut to the LP
infeas_recover ...
phase 1 addbad_variables
LP is now feasible
Recovered a feasible LP
WARNING: Adding an empty cut to the LP
WARNING: Adding an empty cut to the LP
WARNING: Adding an empty cut to the LP
WARNING: Adding an empty cut to the LP
WARNING: Adding an empty cut to the LP
infeas_recover ...
phase 1 addbad_variables
LP is now feasible
Recovered a feasible LP
Exact lower bound: 44311.000000
DIFF: 0.000000
Established Bound: 44311
Optimal tour: 44311
Total Time to solve TSP: 0.06
