Default Edge Length: 2380488
CCtsp_solve_dat ...
Set initial upperbound to 49150 (from tour)
WARNING: Adding an empty cut to the LP
WARNING: Adding an empty cut to the LP
WARNING: Adding an empty cut to the LP
WARNING: Adding an empty cut to the LP
WARNING: Adding an empty cut to the LP
infeas_recover ...
phase 1 addbad_variables
LP is now feasible
Recovered a feasible LP
infeas_recover ...
phase 1 addbad_variables
LP is now feasible
Recovered a feasible LP
infeas_recover ...
phase 1 addbad_variables
LP is now feasible
Recovered a feasible LP
Exact lower bound: 49150.000000
DIFF: 0.000000
Established Bound: 49150
Optimal tour: 49150
Total Time to solve TSP: 0.32
