Default Edge Length: 6763736
CCtsp_solve_dat ...
Set initial upperbound to 66235 (from tour)
WARNING: Adding an empty cut to the LP
WARNING: Adding an empty cut to the LP
WARNING: Adding an empty cut to the LP
WARNING: Adding an empty cut to the LP
WARNING: Adding an empty cut to the LP
WARNING: Adding an empty cut to the LP
WARNING: Adding an empty cut to the LP
WARNING: Adding an empty cut to the LP
WARNING: Adding an empty cut to the LP
WARNING: Adding an empty cut to the LP
WARNING: Adding an empty cut to the LP
WARNING: Adding an empty cut to the LP
WARNING: Adding an empty cut to the LP
WARNING: Adding an empty cut to the LP
WARNING: Adding an empty cut to the LP
WARNING: Adding an empty cut to the LP
WARNING: Adding an empty cut to the LP
WARNING: Adding an empty cut to the LP
infeas_recover ...
phase 1 addbad_variables
LP is now feasible
Recovered a feasible LP
WARNING: Adding an empty cut to the LP
infeas_recover ...
phase 1 addbad_variables
LP is now feasible
Recovered a feasible LP
infeas_recover ...
phase 1 addbad_variables
LP is now feasible
Recovered a feasible LP
WARNING: Adding an empty cut to the LP
WARNING: Adding an empty cut to the LP
WARNING: Adding an empty cut to the LP
WARNING: Adding an empty cut to the LP
infeas_recover ...
phase 1 addbad_variables
LP is now feasible
Recovered a feasible LP
Exact lower bound: 66125.316191
DIFF: 0.000000
LOWER BOUND: 66125.316191   ACTIVE NODES: 1

Task 0: Branching on node 0
